2019-01-10 13:24:34 DEBUG a3_r_2:18 - This is debug message!!!
2019-01-10 13:24:34 INFO  a3_r_2:19 - yyyThis is info message!!!
2019-01-10 13:24:34 WARN  a3_r_2:20 - This is warn message!!!
2019-01-10 13:24:34 ERROR a3_r_2:21 - This is error message!!!
2019-01-10 13:24:34 FATAL a3_r_2:22 - This is fatal message!!!
2019-01-10 13:25:34 DEBUG a3_r_2:18 - wThis is debug message!!!
2019-01-10 13:25:34 INFO  a3_r_2:19 - This is info message!!!
2019-01-10 13:25:34 WARN  a3_r_2:20 - This is warn message!!!
2019-01-10 13:25:34 ERROR a3_r_2:21 - This is error message!!!
2019-01-10 13:25:34 FATAL a3_r_2:22 - This is fatal message!!!
2019-01-10 18:51:23 DEBUG a3_r_2:18 - This is debug message!!!
2019-01-10 18:51:23 INFO  a3_r_2:19 - yyyThis is info message!!!
2019-01-10 18:51:23 WARN  a3_r_2:20 - This is warn message!!!
2019-01-10 18:51:23 ERROR a3_r_2:21 - This is error message!!!
2019-01-10 18:51:23 FATAL a3_r_2:22 - This is fatal message!!!
2019-01-10 18:52:53 INFO  a3_r_2:19 - yyyThis is info message!!!
2019-01-10 18:52:53 WARN  a3_r_2:20 - This is warn message!!!
2019-01-10 18:52:53 ERROR a3_r_2:21 - This is error message!!!
2019-01-10 18:52:53 FATAL a3_r_2:22 - This is fatal message!!!
2019-01-10 18:53:26 DEBUG a3_r_2:18 - This is debug message!!!
2019-01-10 18:53:26 INFO  a3_r_2:19 - yyyThis is info message!!!
2019-01-10 18:53:26 WARN  a3_r_2:20 - This is warn message!!!
2019-01-10 18:53:26 ERROR a3_r_2:21 - This is error message!!!
2019-01-10 18:53:26 FATAL a3_r_2:22 - This is fatal message!!!
